Using pre-set license
Built from '2020.3/china_unity/release' branch; Version is '2020.3.0f1c1 (1e553bf703d9) revision 1987899'; Using compiler version '192528614'; Build Type 'Release'
OS: 'Windows 10 Home China; OS build 19042.1110; Version 2009; 64bit' Language: 'zh' Physical Memory: 16165 MB
BatchMode: 1, IsHumanControllingUs: 0, StartBugReporterOnCrash: 0, Is64bit: 1, IsPro: 0

 COMMAND LINE ARGUMENTS:
C:\Program Files\Unity\Hub\Editor\2020.3.0f1c1\Editor\Unity.exe
-adb2
-batchMode
-noUpm
-name
AssetImportWorker0
-projectPath
D:/bishe/Entropy_peace_Unity
-logFile
Logs/AssetImportWorker0.log
-srvPort
49768
Successfully changed project path to: D:/bishe/Entropy_peace_Unity
D:/bishe/Entropy_peace_Unity
Using Asset Import Pipeline V2.
Refreshing native plugins compatible for Editor in 39.39 ms, found 2 plugins.
Preloading 0 native plugins for Editor in 0.00 ms.
Initialize engine version: 2020.3.0f1c1 (1e553bf703d9)
[Subsystems] Discovering subsystems at path C:/Program Files/Unity/Hub/Editor/2020.3.0f1c1/Editor/Data/Resources/UnitySubsystems
[Subsystems] Discovering subsystems at path D:/bishe/Entropy_peace_Unity/Assets
GfxDevice: creating device client; threaded=0
Direct3D:
    Version:  Direct3D 11.0 [level 11.1]
    Renderer: NVIDIA GeForce RTX 2060 (ID=0x1f15)
    Vendor:   
    VRAM:     5980 MB
    Driver:   27.21.14.5167
Initialize mono
Mono path[0] = 'C:/Program Files/Unity/Hub/Editor/2020.3.0f1c1/Editor/Data/Managed'
Mono path[1] = 'C:/Program Files/Unity/Hub/Editor/2020.3.0f1c1/Editor/Data/MonoBleedingEdge/lib/mono/unityjit'
Mono config path = 'C:/Program Files/Unity/Hub/Editor/2020.3.0f1c1/Editor/Data/MonoBleedingEdge/etc'
Using monoOptions --debugger-agent=transport=dt_socket,embedding=1,server=y,suspend=n,address=127.0.0.1:56148
Begin MonoManager ReloadAssembly
Registering precompiled unity dll's ...
Register platform support module: C:/Program Files/Unity/Hub/Editor/2020.3.0f1c1/Editor/Data/PlaybackEngines/WindowsStandaloneSupport/UnityEditor.WindowsStandalone.Extensions.dll
Registered in 0.001608 seconds.
Native extension for WindowsStandalone target not found
Refreshing native plugins compatible for Editor in 36.71 ms, found 2 plugins.
Preloading 0 native plugins for Editor in 0.00 ms.
Invoked RoslynAnalysisRunner static constructor.
RoslynAnalysisRunner will not be running.
RoslynAnalysisRunner has terminated.
Mono: successfully reloaded assembly
- Completed reload, in  0.821 seconds
Platform modules already initialized, skipping
Registering precompiled user dll's ...
Registered in 0.003018 seconds.
Begin MonoManager ReloadAssembly
Native extension for WindowsStandalone target not found
Refreshing native plugins compatible for Editor in 37.31 ms, found 2 plugins.
Preloading 0 native plugins for Editor in 0.00 ms.
Invoked RoslynAnalysisRunner static constructor.
RoslynAnalysisRunner will not be running.
RoslynAnalysisRunner has terminated.
Mono: successfully reloaded assembly
- Completed reload, in  1.040 seconds
Platform modules already initialized, skipping
========================================================================
Worker process is ready to serve import requests
Shader 'Custom/Sea': fallback shader 'Hidden/Universal Render Pipeline/FallbackError' not found
Shader 'Custom/Sea': fallback shader 'Hidden/Universal Render Pipeline/FallbackError' not found
Launched and connected shader compiler UnityShaderCompiler.exe after 0.04 seconds
Refreshing native plugins compatible for Editor in 2.12 ms, found 2 plugins.
Preloading 0 native plugins for Editor in 0.00 ms.
Unloading 2371 Unused Serialized files (Serialized files now loaded: 0)
System memory in use before: 102.0 MB.
System memory in use after: 102.2 MB.

Unloading 20 unused Assets to reduce memory usage. Loaded Objects now: 2806.
Total: 2.352900 ms (FindLiveObjects: 0.446800 ms CreateObjectMapping: 0.172600 ms MarkObjects: 1.663000 ms  DeleteObjects: 0.069600 ms)

========================================================================
Received Import Request.
  path: Assets/Main/Scenes/Game.unity
  artifactKey: Guid(86c99496b251dfc458e251a6f9207f5c) Importer(815301076,1909f56bfc062723c751e8b465ee728b)
Start importing Assets/Main/Scenes/Game.unity using Guid(86c99496b251dfc458e251a6f9207f5c) Importer(815301076,1909f56bfc062723c751e8b465ee728b)  -> (artifact id: '7fc18bb35675131f9a155ce07bae1128') in 0.015488 seconds
  Import took 0.020713 seconds .

========================================================================
Received Prepare
Registering precompiled user dll's ...
Registered in 0.002369 seconds.
Begin MonoManager ReloadAssembly
Native extension for WindowsStandalone target not found
Refreshing native plugins compatible for Editor in 0.43 ms, found 2 plugins.
Preloading 0 native plugins for Editor in 0.00 ms.
Invoked RoslynAnalysisRunner static constructor.
RoslynAnalysisRunner will not be running.
RoslynAnalysisRunner has terminated.
Mono: successfully reloaded assembly
- Completed reload, in  1.006 seconds
Platform modules already initialized, skipping
Shader 'Custom/Sea': fallback shader 'Hidden/Universal Render Pipeline/FallbackError' not found
Shader 'Custom/Sea': fallback shader 'Hidden/Universal Render Pipeline/FallbackError' not found
Refreshing native plugins compatible for Editor in 0.43 ms, found 2 plugins.
Preloading 0 native plugins for Editor in 0.00 ms.
Unloading 2358 Unused Serialized files (Serialized files now loaded: 0)
System memory in use before: 101.5 MB.
System memory in use after: 101.7 MB.

Unloading 15 unused Assets to reduce memory usage. Loaded Objects now: 2809.
Total: 2.159400 ms (FindLiveObjects: 0.308500 ms CreateObjectMapping: 0.124300 ms MarkObjects: 1.669500 ms  DeleteObjects: 0.056200 ms)

========================================================================
Received Prepare
Registering precompiled user dll's ...
Registered in 0.002038 seconds.
Begin MonoManager ReloadAssembly
Native extension for WindowsStandalone target not found
Refreshing native plugins compatible for Editor in 0.44 ms, found 2 plugins.
Preloading 0 native plugins for Editor in 0.00 ms.
Invoked RoslynAnalysisRunner static constructor.
RoslynAnalysisRunner will not be running.
RoslynAnalysisRunner has terminated.
Mono: successfully reloaded assembly
- Completed reload, in  1.350 seconds
Platform modules already initialized, skipping
Shader 'Custom/Sea': fallback shader 'Hidden/Universal Render Pipeline/FallbackError' not found
Shader 'Custom/Sea': fallback shader 'Hidden/Universal Render Pipeline/FallbackError' not found
Refreshing native plugins compatible for Editor in 0.42 ms, found 2 plugins.
Preloading 0 native plugins for Editor in 0.00 ms.
Unloading 2358 Unused Serialized files (Serialized files now loaded: 0)
System memory in use before: 101.6 MB.
System memory in use after: 101.8 MB.

Unloading 15 unused Assets to reduce memory usage. Loaded Objects now: 2812.
Total: 2.338500 ms (FindLiveObjects: 0.348200 ms CreateObjectMapping: 0.126800 ms MarkObjects: 1.812900 ms  DeleteObjects: 0.049000 ms)

========================================================================
Received Prepare
Shader 'Custom/Sea': fallback shader 'Hidden/Universal Render Pipeline/FallbackError' not found
Shader 'Custom/Sea': fallback shader 'Hidden/Universal Render Pipeline/FallbackError' not found
Refreshing native plugins compatible for Editor in 2.27 ms, found 2 plugins.
Preloading 0 native plugins for Editor in 0.00 ms.
Unloading 14 Unused Serialized files (Serialized files now loaded: 0)
System memory in use before: 55.4 MB.
System memory in use after: 55.5 MB.

Unloading 13 unused Assets to reduce memory usage. Loaded Objects now: 2812.
Total: 3.532400 ms (FindLiveObjects: 0.569000 ms CreateObjectMapping: 0.351400 ms MarkObjects: 2.508400 ms  DeleteObjects: 0.101600 ms)

========================================================================
Received Prepare
Registering precompiled user dll's ...
Registered in 0.009798 seconds.
Begin MonoManager ReloadAssembly
Native extension for WindowsStandalone target not found
Refreshing native plugins compatible for Editor in 1.31 ms, found 2 plugins.
Preloading 0 native plugins for Editor in 0.00 ms.
Invoked RoslynAnalysisRunner static constructor.
RoslynAnalysisRunner will not be running.
RoslynAnalysisRunner has terminated.
Mono: successfully reloaded assembly
- Completed reload, in  2.143 seconds
Platform modules already initialized, skipping
Shader 'Custom/Sea': fallback shader 'Hidden/Universal Render Pipeline/FallbackError' not found
Shader 'Custom/Sea': fallback shader 'Hidden/Universal Render Pipeline/FallbackError' not found
Refreshing native plugins compatible for Editor in 0.74 ms, found 2 plugins.
Preloading 0 native plugins for Editor in 0.00 ms.
Unloading 2358 Unused Serialized files (Serialized files now loaded: 0)
System memory in use before: 101.6 MB.
System memory in use after: 101.8 MB.

Unloading 15 unused Assets to reduce memory usage. Loaded Objects now: 2815.
Total: 9.413600 ms (FindLiveObjects: 1.471300 ms CreateObjectMapping: 0.462600 ms MarkObjects: 6.950700 ms  DeleteObjects: 0.524300 ms)

========================================================================
Received Prepare
Registering precompiled user dll's ...
Registered in 0.002516 seconds.
Begin MonoManager ReloadAssembly
Native extension for WindowsStandalone target not found
Refreshing native plugins compatible for Editor in 0.48 ms, found 2 plugins.
Preloading 0 native plugins for Editor in 0.00 ms.
Invoked RoslynAnalysisRunner static constructor.
RoslynAnalysisRunner will not be running.
RoslynAnalysisRunner has terminated.
Mono: successfully reloaded assembly
- Completed reload, in  1.214 seconds
Platform modules already initialized, skipping
Shader 'Custom/Sea': fallback shader 'Hidden/Universal Render Pipeline/FallbackError' not found
Shader 'Custom/Sea': fallback shader 'Hidden/Universal Render Pipeline/FallbackError' not found
Refreshing native plugins compatible for Editor in 0.43 ms, found 2 plugins.
Preloading 0 native plugins for Editor in 0.00 ms.
Unloading 2358 Unused Serialized files (Serialized files now loaded: 0)
System memory in use before: 101.6 MB.
System memory in use after: 101.8 MB.

Unloading 15 unused Assets to reduce memory usage. Loaded Objects now: 2818.
Total: 4.186300 ms (FindLiveObjects: 0.389700 ms CreateObjectMapping: 0.205000 ms MarkObjects: 3.535300 ms  DeleteObjects: 0.055300 ms)

========================================================================
Received Prepare
Registering precompiled user dll's ...
Registered in 0.002213 seconds.
Begin MonoManager ReloadAssembly
Native extension for WindowsStandalone target not found
Refreshing native plugins compatible for Editor in 0.40 ms, found 2 plugins.
Preloading 0 native plugins for Editor in 0.00 ms.
Invoked RoslynAnalysisRunner static constructor.
RoslynAnalysisRunner will not be running.
RoslynAnalysisRunner has terminated.
Mono: successfully reloaded assembly
- Completed reload, in  0.850 seconds
Platform modules already initialized, skipping
Shader 'Custom/Sea': fallback shader 'Hidden/Universal Render Pipeline/FallbackError' not found
Shader 'Custom/Sea': fallback shader 'Hidden/Universal Render Pipeline/FallbackError' not found
Refreshing native plugins compatible for Editor in 0.54 ms, found 2 plugins.
Preloading 0 native plugins for Editor in 0.00 ms.
Unloading 2358 Unused Serialized files (Serialized files now loaded: 0)
System memory in use before: 101.5 MB.
System memory in use after: 101.7 MB.

Unloading 15 unused Assets to reduce memory usage. Loaded Objects now: 2821.
Total: 2.439500 ms (FindLiveObjects: 0.264400 ms CreateObjectMapping: 0.115500 ms MarkObjects: 1.976600 ms  DeleteObjects: 0.082300 ms)

========================================================================
Received Prepare
Shader 'Custom/Sea': fallback shader 'Hidden/Universal Render Pipeline/FallbackError' not found
Shader 'Custom/Sea': fallback shader 'Hidden/Universal Render Pipeline/FallbackError' not found
Refreshing native plugins compatible for Editor in 2.18 ms, found 2 plugins.
Preloading 0 native plugins for Editor in 0.00 ms.
Unloading 14 Unused Serialized files (Serialized files now loaded: 0)
System memory in use before: 55.3 MB.
System memory in use after: 55.5 MB.

Unloading 13 unused Assets to reduce memory usage. Loaded Objects now: 2821.
Total: 5.091500 ms (FindLiveObjects: 0.567900 ms CreateObjectMapping: 0.306000 ms MarkObjects: 4.092200 ms  DeleteObjects: 0.121900 ms)

========================================================================
Received Prepare
Registering precompiled user dll's ...
Registered in 0.008293 seconds.
Begin MonoManager ReloadAssembly
Native extension for WindowsStandalone target not found
Refreshing native plugins compatible for Editor in 2.29 ms, found 2 plugins.
Preloading 0 native plugins for Editor in 0.00 ms.
Invoked RoslynAnalysisRunner static constructor.
RoslynAnalysisRunner will not be running.
RoslynAnalysisRunner has terminated.
Mono: successfully reloaded assembly
- Completed reload, in  2.314 seconds
Platform modules already initialized, skipping
Shader 'Custom/Sea': fallback shader 'Hidden/Universal Render Pipeline/FallbackError' not found
Shader 'Custom/Sea': fallback shader 'Hidden/Universal Render Pipeline/FallbackError' not found
Refreshing native plugins compatible for Editor in 2.62 ms, found 2 plugins.
Preloading 0 native plugins for Editor in 0.00 ms.
Unloading 2358 Unused Serialized files (Serialized files now loaded: 0)
System memory in use before: 101.7 MB.
System memory in use after: 101.8 MB.

Unloading 15 unused Assets to reduce memory usage. Loaded Objects now: 2824.
Total: 9.388100 ms (FindLiveObjects: 1.591700 ms CreateObjectMapping: 0.829000 ms MarkObjects: 6.851800 ms  DeleteObjects: 0.108300 ms)

========================================================================
Received Prepare
Registering precompiled user dll's ...
Registered in 0.002006 seconds.
Begin MonoManager ReloadAssembly
Native extension for WindowsStandalone target not found
Refreshing native plugins compatible for Editor in 0.41 ms, found 2 plugins.
Preloading 0 native plugins for Editor in 0.00 ms.
Invoked RoslynAnalysisRunner static constructor.
RoslynAnalysisRunner will not be running.
RoslynAnalysisRunner has terminated.
Mono: successfully reloaded assembly
- Completed reload, in  0.894 seconds
Platform modules already initialized, skipping
Shader 'Custom/Sea': fallback shader 'Hidden/Universal Render Pipeline/FallbackError' not found
Shader 'Custom/Sea': fallback shader 'Hidden/Universal Render Pipeline/FallbackError' not found
Refreshing native plugins compatible for Editor in 0.41 ms, found 2 plugins.
Preloading 0 native plugins for Editor in 0.00 ms.
Unloading 2358 Unused Serialized files (Serialized files now loaded: 0)
System memory in use before: 101.7 MB.
System memory in use after: 101.8 MB.

Unloading 15 unused Assets to reduce memory usage. Loaded Objects now: 2827.
Total: 1.928300 ms (FindLiveObjects: 0.294900 ms CreateObjectMapping: 0.090500 ms MarkObjects: 1.449600 ms  DeleteObjects: 0.091200 ms)

========================================================================
Received Prepare
Registering precompiled user dll's ...
Registered in 0.001958 seconds.
Begin MonoManager ReloadAssembly
Native extension for WindowsStandalone target not found
Refreshing native plugins compatible for Editor in 0.45 ms, found 2 plugins.
Preloading 0 native plugins for Editor in 0.00 ms.
Invoked RoslynAnalysisRunner static constructor.
RoslynAnalysisRunner will not be running.
RoslynAnalysisRunner has terminated.
Mono: successfully reloaded assembly
- Completed reload, in  0.839 seconds
Platform modules already initialized, skipping
Shader 'Custom/Sea': fallback shader 'Hidden/Universal Render Pipeline/FallbackError' not found
Shader 'Custom/Sea': fallback shader 'Hidden/Universal Render Pipeline/FallbackError' not found
Refreshing native plugins compatible for Editor in 0.42 ms, found 2 plugins.
Preloading 0 native plugins for Editor in 0.00 ms.
Unloading 2358 Unused Serialized files (Serialized files now loaded: 0)
System memory in use before: 101.7 MB.
System memory in use after: 101.9 MB.

Unloading 15 unused Assets to reduce memory usage. Loaded Objects now: 2830.
Total: 5.911600 ms (FindLiveObjects: 0.557700 ms CreateObjectMapping: 0.297400 ms MarkObjects: 4.914700 ms  DeleteObjects: 0.139000 ms)

========================================================================
Received Prepare
Registering precompiled user dll's ...
Registered in 0.002048 seconds.
Begin MonoManager ReloadAssembly
Native extension for WindowsStandalone target not found
Refreshing native plugins compatible for Editor in 0.39 ms, found 2 plugins.
Preloading 0 native plugins for Editor in 0.00 ms.
Invoked RoslynAnalysisRunner static constructor.
RoslynAnalysisRunner will not be running.
RoslynAnalysisRunner has terminated.
Mono: successfully reloaded assembly
- Completed reload, in  0.802 seconds
Platform modules already initialized, skipping
Shader 'Custom/Sea': fallback shader 'Hidden/Universal Render Pipeline/FallbackError' not found
Shader 'Custom/Sea': fallback shader 'Hidden/Universal Render Pipeline/FallbackError' not found
Refreshing native plugins compatible for Editor in 0.44 ms, found 2 plugins.
Preloading 0 native plugins for Editor in 0.00 ms.
Unloading 2358 Unused Serialized files (Serialized files now loaded: 0)
System memory in use before: 101.7 MB.
System memory in use after: 101.9 MB.

Unloading 15 unused Assets to reduce memory usage. Loaded Objects now: 2833.
Total: 2.220500 ms (FindLiveObjects: 0.206400 ms CreateObjectMapping: 0.102000 ms MarkObjects: 1.813800 ms  DeleteObjects: 0.097200 ms)

========================================================================
Received Import Request.
  Time since last request: 960.799220 seconds.
  path: Assets/Main/Scenes/Game.unity
  artifactKey: Guid(86c99496b251dfc458e251a6f9207f5c) Importer(815301076,1909f56bfc062723c751e8b465ee728b)
Start importing Assets/Main/Scenes/Game.unity using Guid(86c99496b251dfc458e251a6f9207f5c) Importer(815301076,1909f56bfc062723c751e8b465ee728b)  -> (artifact id: '4489b6ba23d149172f609b574e468f23') in 0.015617 seconds
  Import took 0.019580 seconds .

========================================================================
Received Prepare
Registering precompiled user dll's ...
Registered in 0.002049 seconds.
Begin MonoManager ReloadAssembly
Native extension for WindowsStandalone target not found
Refreshing native plugins compatible for Editor in 0.65 ms, found 2 plugins.
Preloading 0 native plugins for Editor in 0.00 ms.
Invoked RoslynAnalysisRunner static constructor.
RoslynAnalysisRunner will not be running.
RoslynAnalysisRunner has terminated.
Mono: successfully reloaded assembly
- Completed reload, in  0.852 seconds
Platform modules already initialized, skipping
Shader 'Custom/Sea': fallback shader 'Hidden/Universal Render Pipeline/FallbackError' not found
Shader 'Custom/Sea': fallback shader 'Hidden/Universal Render Pipeline/FallbackError' not found
Refreshing native plugins compatible for Editor in 0.41 ms, found 2 plugins.
Preloading 0 native plugins for Editor in 0.00 ms.
Unloading 2358 Unused Serialized files (Serialized files now loaded: 0)
System memory in use before: 101.6 MB.
System memory in use after: 101.8 MB.

Unloading 15 unused Assets to reduce memory usage. Loaded Objects now: 2836.
Total: 2.168600 ms (FindLiveObjects: 0.372400 ms CreateObjectMapping: 0.221100 ms MarkObjects: 1.472000 ms  DeleteObjects: 0.102400 ms)

========================================================================
Received Import Request.
  Time since last request: 456.991182 seconds.
  path: Assets/Main/Scenes/Welcome.unity
  artifactKey: Guid(468808fd9b6fa5e49b717e087d3280cc) Importer(815301076,1909f56bfc062723c751e8b465ee728b)
Start importing Assets/Main/Scenes/Welcome.unity using Guid(468808fd9b6fa5e49b717e087d3280cc) Importer(815301076,1909f56bfc062723c751e8b465ee728b)  -> (artifact id: '812eced9f26b41d33fa78f880a45daa1') in 0.011891 seconds
  Import took 0.018193 seconds .

========================================================================
Received Import Request.
  Time since last request: 0.001019 seconds.
  path: Assets/Main/Scenes/Welcome.unity
  artifactKey: Guid(468808fd9b6fa5e49b717e087d3280cc) Importer(815301076,1909f56bfc062723c751e8b465ee728b)
Start importing Assets/Main/Scenes/Welcome.unity using Guid(468808fd9b6fa5e49b717e087d3280cc) Importer(815301076,1909f56bfc062723c751e8b465ee728b)  -> (artifact id: '812eced9f26b41d33fa78f880a45daa1') in 0.001509 seconds
  Import took 0.004754 seconds .

========================================================================
Received Prepare
Shader 'Custom/Sea': fallback shader 'Hidden/Universal Render Pipeline/FallbackError' not found
Shader 'Custom/Sea': fallback shader 'Hidden/Universal Render Pipeline/FallbackError' not found
Refreshing native plugins compatible for Editor in 2.31 ms, found 2 plugins.
Preloading 0 native plugins for Editor in 0.00 ms.
Unloading 14 Unused Serialized files (Serialized files now loaded: 0)
System memory in use before: 55.4 MB.
System memory in use after: 55.6 MB.

Unloading 13 unused Assets to reduce memory usage. Loaded Objects now: 2836.
Total: 3.516600 ms (FindLiveObjects: 0.332200 ms CreateObjectMapping: 0.172200 ms MarkObjects: 2.876300 ms  DeleteObjects: 0.135000 ms)

========================================================================
Received Prepare
Registering precompiled user dll's ...
Registered in 0.004012 seconds.
Begin MonoManager ReloadAssembly
Native extension for WindowsStandalone target not found
Refreshing native plugins compatible for Editor in 2.40 ms, found 2 plugins.
Preloading 0 native plugins for Editor in 0.00 ms.
Invoked RoslynAnalysisRunner static constructor.
RoslynAnalysisRunner will not be running.
RoslynAnalysisRunner has terminated.
Mono: successfully reloaded assembly
- Completed reload, in  2.016 seconds
Platform modules already initialized, skipping
Shader 'Custom/Sea': fallback shader 'Hidden/Universal Render Pipeline/FallbackError' not found
Shader 'Custom/Sea': fallback shader 'Hidden/Universal Render Pipeline/FallbackError' not found
Refreshing native plugins compatible for Editor in 2.96 ms, found 2 plugins.
Preloading 0 native plugins for Editor in 0.00 ms.
Unloading 2358 Unused Serialized files (Serialized files now loaded: 0)
System memory in use before: 101.7 MB.
System memory in use after: 101.9 MB.

Unloading 15 unused Assets to reduce memory usage. Loaded Objects now: 2839.
Total: 4.906100 ms (FindLiveObjects: 0.560700 ms CreateObjectMapping: 0.378200 ms MarkObjects: 3.888200 ms  DeleteObjects: 0.076100 ms)

========================================================================
Received Prepare
Registering precompiled user dll's ...
Registered in 0.002199 seconds.
Begin MonoManager ReloadAssembly
Native extension for WindowsStandalone target not found
Refreshing native plugins compatible for Editor in 0.42 ms, found 2 plugins.
Preloading 0 native plugins for Editor in 0.00 ms.
Invoked RoslynAnalysisRunner static constructor.
RoslynAnalysisRunner will not be running.
RoslynAnalysisRunner has terminated.
Mono: successfully reloaded assembly
- Completed reload, in  1.584 seconds
Platform modules already initialized, skipping
Shader 'Custom/Sea': fallback shader 'Hidden/Universal Render Pipeline/FallbackError' not found
Shader 'Custom/Sea': fallback shader 'Hidden/Universal Render Pipeline/FallbackError' not found
Refreshing native plugins compatible for Editor in 0.42 ms, found 2 plugins.
Preloading 0 native plugins for Editor in 0.00 ms.
Unloading 2358 Unused Serialized files (Serialized files now loaded: 0)
System memory in use before: 101.7 MB.
System memory in use after: 101.9 MB.

Unloading 15 unused Assets to reduce memory usage. Loaded Objects now: 2842.
Total: 4.070800 ms (FindLiveObjects: 0.623700 ms CreateObjectMapping: 0.227900 ms MarkObjects: 3.097800 ms  DeleteObjects: 0.118900 ms)

========================================================================
Received Prepare
Shader 'Custom/Sea': fallback shader 'Hidden/Universal Render Pipeline/FallbackError' not found
Shader 'Custom/Sea': fallback shader 'Hidden/Universal Render Pipeline/FallbackError' not found
Refreshing native plugins compatible for Editor in 1.98 ms, found 2 plugins.
Preloading 0 native plugins for Editor in 0.00 ms.
Unloading 14 Unused Serialized files (Serialized files now loaded: 0)
System memory in use before: 55.5 MB.
System memory in use after: 55.7 MB.

Unloading 13 unused Assets to reduce memory usage. Loaded Objects now: 2842.
Total: 3.388500 ms (FindLiveObjects: 0.508800 ms CreateObjectMapping: 0.247700 ms MarkObjects: 2.528000 ms  DeleteObjects: 0.102200 ms)

========================================================================
Received Prepare
Registering precompiled user dll's ...
Registered in 0.004100 seconds.
Begin MonoManager ReloadAssembly
Native extension for WindowsStandalone target not found
Refreshing native plugins compatible for Editor in 0.75 ms, found 2 plugins.
Preloading 0 native plugins for Editor in 0.00 ms.
Invoked RoslynAnalysisRunner static constructor.
RoslynAnalysisRunner will not be running.
RoslynAnalysisRunner has terminated.
Mono: successfully reloaded assembly
- Completed reload, in  2.033 seconds
Platform modules already initialized, skipping
Shader 'Custom/Sea': fallback shader 'Hidden/Universal Render Pipeline/FallbackError' not found
Shader 'Custom/Sea': fallback shader 'Hidden/Universal Render Pipeline/FallbackError' not found
Refreshing native plugins compatible for Editor in 2.38 ms, found 2 plugins.
Preloading 0 native plugins for Editor in 0.00 ms.
Unloading 2358 Unused Serialized files (Serialized files now loaded: 0)
System memory in use before: 101.7 MB.
System memory in use after: 101.9 MB.

Unloading 15 unused Assets to reduce memory usage. Loaded Objects now: 2845.
Total: 11.089000 ms (FindLiveObjects: 3.905000 ms CreateObjectMapping: 0.631300 ms MarkObjects: 6.452300 ms  DeleteObjects: 0.095700 ms)

========================================================================
Received Prepare
Shader 'Custom/Sea': fallback shader 'Hidden/Universal Render Pipeline/FallbackError' not found
Shader 'Custom/Sea': fallback shader 'Hidden/Universal Render Pipeline/FallbackError' not found
Refreshing native plugins compatible for Editor in 2.10 ms, found 2 plugins.
Preloading 0 native plugins for Editor in 0.00 ms.
Unloading 14 Unused Serialized files (Serialized files now loaded: 0)
System memory in use before: 55.5 MB.
System memory in use after: 55.7 MB.

Unloading 13 unused Assets to reduce memory usage. Loaded Objects now: 2845.
Total: 5.920500 ms (FindLiveObjects: 0.510300 ms CreateObjectMapping: 0.285700 ms MarkObjects: 4.996500 ms  DeleteObjects: 0.125500 ms)

========================================================================
Received Prepare
Registering precompiled user dll's ...
Registered in 0.009084 seconds.
Begin MonoManager ReloadAssembly
Native extension for WindowsStandalone target not found
Refreshing native plugins compatible for Editor in 3.71 ms, found 2 plugins.
Preloading 0 native plugins for Editor in 0.00 ms.
Invoked RoslynAnalysisRunner static constructor.
RoslynAnalysisRunner will not be running.
RoslynAnalysisRunner has terminated.
Mono: successfully reloaded assembly
- Completed reload, in  2.128 seconds
Platform modules already initialized, skipping
Shader 'Custom/Sea': fallback shader 'Hidden/Universal Render Pipeline/FallbackError' not found
Shader 'Custom/Sea': fallback shader 'Hidden/Universal Render Pipeline/FallbackError' not found
Refreshing native plugins compatible for Editor in 2.76 ms, found 2 plugins.
Preloading 0 native plugins for Editor in 0.00 ms.
Unloading 2358 Unused Serialized files (Serialized files now loaded: 0)
System memory in use before: 101.7 MB.
System memory in use after: 101.9 MB.

Unloading 15 unused Assets to reduce memory usage. Loaded Objects now: 2848.
Total: 10.347800 ms (FindLiveObjects: 1.523700 ms CreateObjectMapping: 0.445800 ms MarkObjects: 7.973700 ms  DeleteObjects: 0.393600 ms)

========================================================================
Received Import Request.
  Time since last request: 282.237671 seconds.
  path: Assets/Main/model/Purify town/untitled.vox.obj
  artifactKey: Guid(de80c24da5b0f44dc8dba49e1990cb09) Importer(815301076,1909f56bfc062723c751e8b465ee728b)
Start importing Assets/Main/model/Purify town/untitled.vox.obj using Guid(de80c24da5b0f44dc8dba49e1990cb09) Importer(815301076,1909f56bfc062723c751e8b465ee728b)  -> (artifact id: '1ca35cafcf34c5a473446c48b9febe64') in 0.223894 seconds
  Import took 0.228482 seconds .

========================================================================
Received Import Request.
  Time since last request: 0.000129 seconds.
  path: Assets/Main/model/Purify town/untitled.vox.png
  artifactKey: Guid(d3c909812d8cf4ac48a54b869047605a) Importer(815301076,1909f56bfc062723c751e8b465ee728b)
Start importing Assets/Main/model/Purify town/untitled.vox.png using Guid(d3c909812d8cf4ac48a54b869047605a) Importer(815301076,1909f56bfc062723c751e8b465ee728b)  -> (artifact id: '11ea36c12b65b7f320a1cb79bc55ebc8') in 0.015263 seconds
  Import took 0.020465 seconds .

========================================================================
Received Import Request.
  Time since last request: 0.000134 seconds.
  path: Assets/Main/ARTDEMO/Scripts/Water/Texture/WaterFoam.png
  artifactKey: Guid(3bc8b2b835fb3c74b8ec9780979740d7) Importer(815301076,1909f56bfc062723c751e8b465ee728b)
Start importing Assets/Main/ARTDEMO/Scripts/Water/Texture/WaterFoam.png using Guid(3bc8b2b835fb3c74b8ec9780979740d7) Importer(815301076,1909f56bfc062723c751e8b465ee728b)  -> (artifact id: '8a45c7e2fd354e11abf62ee1e6ec2daa') in 0.026510 seconds
  Import took 0.030666 seconds .

========================================================================
Received Import Request.
  Time since last request: 0.000135 seconds.
  path: Assets/Main/ARTDEMO/Scripts/Water/Shader/Water_Sea.mat
  artifactKey: Guid(f7547c8b1548ba34e93a95b0ce4cbd34) Importer(815301076,1909f56bfc062723c751e8b465ee728b)
Start importing Assets/Main/ARTDEMO/Scripts/Water/Shader/Water_Sea.mat using Guid(f7547c8b1548ba34e93a95b0ce4cbd34) Importer(815301076,1909f56bfc062723c751e8b465ee728b) Shader 'Custom/Sea': fallback shader 'Hidden/Universal Render Pipeline/FallbackError' not found
 -> (artifact id: 'd75d295456c3397179a800b081d8f699') in 0.063983 seconds
  Import took 0.070460 seconds .

========================================================================
Received Prepare
Registering precompiled user dll's ...
Registered in 0.002020 seconds.
Begin MonoManager ReloadAssembly
Native extension for WindowsStandalone target not found
Refreshing native plugins compatible for Editor in 0.40 ms, found 2 plugins.
Preloading 0 native plugins for Editor in 0.00 ms.
Invoked RoslynAnalysisRunner static constructor.
RoslynAnalysisRunner will not be running.
RoslynAnalysisRunner has terminated.
Mono: successfully reloaded assembly
- Completed reload, in  0.883 seconds
Platform modules already initialized, skipping
Shader 'Custom/Sea': fallback shader 'Hidden/Universal Render Pipeline/FallbackError' not found
Shader 'Custom/Sea': fallback shader 'Hidden/Universal Render Pipeline/FallbackError' not found
Refreshing native plugins compatible for Editor in 0.41 ms, found 2 plugins.
Preloading 0 native plugins for Editor in 0.00 ms.
Unloading 2358 Unused Serialized files (Serialized files now loaded: 0)
System memory in use before: 105.0 MB.
System memory in use after: 105.2 MB.

Unloading 15 unused Assets to reduce memory usage. Loaded Objects now: 2897.
Total: 2.254700 ms (FindLiveObjects: 0.248500 ms CreateObjectMapping: 0.125100 ms MarkObjects: 1.830600 ms  DeleteObjects: 0.049100 ms)

========================================================================
Received Import Request.
  Time since last request: 146.554225 seconds.
  path: Assets/Deault/Settings/ForwardRenderer.asset
  artifactKey: Guid(4a8e21d5c33334b11b34a596161b9360) Importer(815301076,1909f56bfc062723c751e8b465ee728b)
Start importing Assets/Deault/Settings/ForwardRenderer.asset using Guid(4a8e21d5c33334b11b34a596161b9360) Importer(815301076,1909f56bfc062723c751e8b465ee728b)  -> (artifact id: '90fcd7a40d674228b597c677ffae3057') in 0.018786 seconds
  Import took 0.025919 seconds .

========================================================================
Received Prepare
Registering precompiled user dll's ...
Registered in 0.002371 seconds.
Begin MonoManager ReloadAssembly
Native extension for WindowsStandalone target not found
Refreshing native plugins compatible for Editor in 0.40 ms, found 2 plugins.
Preloading 0 native plugins for Editor in 0.00 ms.
Invoked RoslynAnalysisRunner static constructor.
RoslynAnalysisRunner will not be running.
RoslynAnalysisRunner has terminated.
Mono: successfully reloaded assembly
- Completed reload, in  0.887 seconds
Platform modules already initialized, skipping
Shader 'Custom/Sea': fallback shader 'Hidden/Universal Render Pipeline/FallbackError' not found
Shader 'Custom/Sea': fallback shader 'Hidden/Universal Render Pipeline/FallbackError' not found
Refreshing native plugins compatible for Editor in 0.43 ms, found 2 plugins.
Preloading 0 native plugins for Editor in 0.00 ms.
Unloading 2358 Unused Serialized files (Serialized files now loaded: 0)
System memory in use before: 105.1 MB.
System memory in use after: 105.3 MB.

Unloading 15 unused Assets to reduce memory usage. Loaded Objects now: 2900.
Total: 1.978200 ms (FindLiveObjects: 0.289300 ms CreateObjectMapping: 0.098500 ms MarkObjects: 1.503600 ms  DeleteObjects: 0.086100 ms)

========================================================================
Received Prepare
Shader 'Custom/Sea': fallback shader 'Hidden/Universal Render Pipeline/FallbackError' not found
Shader 'Custom/Sea': fallback shader 'Hidden/Universal Render Pipeline/FallbackError' not found
Refreshing native plugins compatible for Editor in 2.00 ms, found 2 plugins.
Preloading 0 native plugins for Editor in 0.00 ms.
Unloading 14 Unused Serialized files (Serialized files now loaded: 0)
System memory in use before: 58.9 MB.
System memory in use after: 59.1 MB.

Unloading 13 unused Assets to reduce memory usage. Loaded Objects now: 2900.
Total: 3.710500 ms (FindLiveObjects: 0.597500 ms CreateObjectMapping: 0.411100 ms MarkObjects: 2.648800 ms  DeleteObjects: 0.051400 ms)

========================================================================
Received Prepare
Registering precompiled user dll's ...
Registered in 0.005764 seconds.
Begin MonoManager ReloadAssembly
Native extension for WindowsStandalone target not found
Refreshing native plugins compatible for Editor in 2.00 ms, found 2 plugins.
Preloading 0 native plugins for Editor in 0.00 ms.
Invoked RoslynAnalysisRunner static constructor.
RoslynAnalysisRunner will not be running.
RoslynAnalysisRunner has terminated.
Mono: successfully reloaded assembly
- Completed reload, in  2.248 seconds
Platform modules already initialized, skipping
Shader 'Custom/Sea': fallback shader 'Hidden/Universal Render Pipeline/FallbackError' not found
Shader 'Custom/Sea': fallback shader 'Hidden/Universal Render Pipeline/FallbackError' not found
Refreshing native plugins compatible for Editor in 2.89 ms, found 2 plugins.
Preloading 0 native plugins for Editor in 0.00 ms.
Unloading 2358 Unused Serialized files (Serialized files now loaded: 0)
System memory in use before: 105.2 MB.
System memory in use after: 105.3 MB.

Unloading 15 unused Assets to reduce memory usage. Loaded Objects now: 2903.
Total: 9.510700 ms (FindLiveObjects: 0.574200 ms CreateObjectMapping: 0.217100 ms MarkObjects: 8.540100 ms  DeleteObjects: 0.173900 ms)

========================================================================
Received Prepare
Registering precompiled user dll's ...
Registered in 0.002004 seconds.
Begin MonoManager ReloadAssembly
Native extension for WindowsStandalone target not found
Refreshing native plugins compatible for Editor in 0.39 ms, found 2 plugins.
Preloading 0 native plugins for Editor in 0.00 ms.
Invoked RoslynAnalysisRunner static constructor.
RoslynAnalysisRunner will not be running.
RoslynAnalysisRunner has terminated.
Mono: successfully reloaded assembly
- Completed reload, in  0.848 seconds
Platform modules already initialized, skipping
Shader 'Custom/Sea': fallback shader 'Hidden/Universal Render Pipeline/FallbackError' not found
Shader 'Custom/Sea': fallback shader 'Hidden/Universal Render Pipeline/FallbackError' not found
Refreshing native plugins compatible for Editor in 0.41 ms, found 2 plugins.
Preloading 0 native plugins for Editor in 0.00 ms.
Unloading 2358 Unused Serialized files (Serialized files now loaded: 0)
System memory in use before: 105.2 MB.
System memory in use after: 105.3 MB.

Unloading 15 unused Assets to reduce memory usage. Loaded Objects now: 2906.
Total: 2.264000 ms (FindLiveObjects: 0.314300 ms CreateObjectMapping: 0.105900 ms MarkObjects: 1.748400 ms  DeleteObjects: 0.094800 ms)

========================================================================
Received Prepare
Shader 'Custom/Sea': fallback shader 'Hidden/Universal Render Pipeline/FallbackError' not found
Shader 'Custom/Sea': fallback shader 'Hidden/Universal Render Pipeline/FallbackError' not found
Refreshing native plugins compatible for Editor in 1.99 ms, found 2 plugins.
Preloading 0 native plugins for Editor in 0.00 ms.
Unloading 14 Unused Serialized files (Serialized files now loaded: 0)
System memory in use before: 58.9 MB.
System memory in use after: 59.1 MB.

Unloading 13 unused Assets to reduce memory usage. Loaded Objects now: 2906.
Total: 2.193600 ms (FindLiveObjects: 0.271300 ms CreateObjectMapping: 0.107500 ms MarkObjects: 1.768200 ms  DeleteObjects: 0.045900 ms)

========================================================================
Received Prepare
Registering precompiled user dll's ...
Registered in 0.006409 seconds.
Begin MonoManager ReloadAssembly
Native extension for WindowsStandalone target not found
Refreshing native plugins compatible for Editor in 1.88 ms, found 2 plugins.
Preloading 0 native plugins for Editor in 0.00 ms.
Invoked RoslynAnalysisRunner static constructor.
RoslynAnalysisRunner will not be running.
RoslynAnalysisRunner has terminated.
Mono: successfully reloaded assembly
- Completed reload, in  2.137 seconds
Platform modules already initialized, skipping
Shader 'Custom/Sea': fallback shader 'Hidden/Universal Render Pipeline/FallbackError' not found
Shader 'Custom/Sea': fallback shader 'Hidden/Universal Render Pipeline/FallbackError' not found
Refreshing native plugins compatible for Editor in 2.83 ms, found 2 plugins.
Preloading 0 native plugins for Editor in 0.00 ms.
Unloading 2358 Unused Serialized files (Serialized files now loaded: 0)
System memory in use before: 105.2 MB.
System memory in use after: 105.3 MB.

Unloading 15 unused Assets to reduce memory usage. Loaded Objects now: 2909.
Total: 5.612300 ms (FindLiveObjects: 0.899300 ms CreateObjectMapping: 0.604200 ms MarkObjects: 3.851000 ms  DeleteObjects: 0.252800 ms)

